 
****************************************
Report : area
Design : vending_top
Version: X-2025.06-SP2
Date   : Fri Jul 10 10:08:39 2026
****************************************

Information: Updating design information... (UID-85)
Library(s) Used:

    saed32rvt_tt1p05v25c (File: /home/joao.silva/grupo_NN_vending/synth/libs/saed32rvt_tt1p05v25c.db)

Number of ports:                          108
Number of nets:                           282
Number of cells:                          215
Number of combinational cells:            150
Number of sequential cells:                60
Number of macros/black boxes:               0
Number of buf/inv:                         20
Number of references:                       9

Combinational area:                372.575105
Buf/Inv area:                       25.668544
Noncombinational area:             396.464653
Macro/Black Box area:                0.000000
Net Interconnect area:             142.042748

Total cell area:                   769.039758
Total area:                        911.082506

Hierarchical area distribution
------------------------------

                                  Global cell area          Local cell area
                                  ------------------  --------------------------- 
Hierarchical cell                 Absolute   Percent  Combi-    Noncombi-  Black-
                                  Total      Total    national  national   boxes   Design
--------------------------------  ---------  -------  --------  ---------  ------  ------------
vending_top                        769.0398    100.0   26.9393    52.8620  0.0000  vending_top
u_comparator                         7.6243      1.0    7.6243     0.0000  0.0000  comparator
u_control_unit                      68.8730      9.0   42.4420    26.4310  0.0000  control_unit
u_credit_reg                       141.5582     18.4   88.6963    52.8620  0.0000  credit_reg
u_memory                           471.1830     61.3  206.8732   264.3098  0.0000  memory
--------------------------------  ---------  -------  --------  ---------  ------  ------------
Total                                                 372.5751   396.4647  0.0000

1
