 
****************************************
Report : area
Design : vending_top
Version: X-2025.06-SP2
Date   : Thu Jul  2 16:21:44 2026
****************************************

Information: Updating design information... (UID-85)
Library(s) Used:

    saed32rvt_tt1p05v25c (File: /Tools/PDK/SAED32/EDK_Digital/lib/stdcell_rvt/db_nldm/saed32rvt_tt1p05v25c.db)

Number of ports:                          164
Number of nets:                           331
Number of cells:                          219
Number of combinational cells:            163
Number of sequential cells:                51
Number of macros/black boxes:               0
Number of buf/inv:                         30
Number of references:                       5

Combinational area:                376.895554
Buf/Inv area:                       38.375744
Noncombinational area:             336.994955
Macro/Black Box area:                0.000000
Net Interconnect area:             129.069008

Total cell area:                   713.890509
Total area:                        842.959517

Hierarchical area distribution
------------------------------

                                  Global cell area          Local cell area
                                  ------------------  --------------------------- 
Hierarchical cell                 Absolute   Percent  Combi-    Noncombi-  Black-
                                  Total      Total    national  national   boxes   Design
--------------------------------  ---------  -------  --------  ---------  ------  ------------
vending_top                        713.8905    100.0    0.0000     0.0000  0.0000  vending_top
comparator_inst                      7.6243      1.1    7.6243     0.0000  0.0000  comparator
control_unit_inst                   87.9338     12.3   68.1106    19.8232  0.0000  control_unit
credit_reg_inst                    147.1494     20.6   94.2874    52.8620  0.0000  credit_reg
memory_inst                        471.1830     66.0  206.8732   264.3098  0.0000  memory
subtractor_inst                      0.0000      0.0    0.0000     0.0000  0.0000  subtractor
--------------------------------  ---------  -------  --------  ---------  ------  ------------
Total                                                 376.8956   336.9950  0.0000

1
