 
****************************************
Report : power
        -analysis_effort low
Design : vending_top
Version: X-2025.06-SP2
Date   : Thu Jul  2 16:21:44 2026
****************************************


Library(s) Used:

    saed32rvt_tt1p05v25c (File: /Tools/PDK/SAED32/EDK_Digital/lib/stdcell_rvt/db_nldm/saed32rvt_tt1p05v25c.db)


Operating Conditions: tt1p05v25c   Library: saed32rvt_tt1p05v25c
Wire Load Model Mode: enclosed

Design        Wire Load Model            Library
------------------------------------------------
vending_top            8000              saed32rvt_tt1p05v25c
credit_reg             ForQA             saed32rvt_tt1p05v25c
memory                 8000              saed32rvt_tt1p05v25c
comparator             ForQA             saed32rvt_tt1p05v25c
subtractor             ForQA             saed32rvt_tt1p05v25c
control_unit           ForQA             saed32rvt_tt1p05v25c


Global Operating Voltage = 1.05 
Power-specific unit information :
    Voltage Units = 1V
    Capacitance Units = 1.000000ff
    Time Units = 1ns
    Dynamic Power Units = 1uW    (derived from V,C,T units)
    Leakage Power Units = 1pW


Attributes
----------
i - Including register clock pin internal power


  Cell Internal Power  =  20.9330 uW   (98%)
  Net Switching Power  = 339.9192 nW    (2%)
                         ---------
Total Dynamic Power    =  21.2730 uW  (100%)

Cell Leakage Power     =  77.0816 uW


                 Internal         Switching           Leakage            Total
Power Group      Power            Power               Power              Power   (   %    )  Attrs
--------------------------------------------------------------------------------------------------
io_pad             0.0000            0.0000            0.0000            0.0000  (   0.00%)
memory             0.0000            0.0000            0.0000            0.0000  (   0.00%)
black_box          0.0000            0.0000            0.0000            0.0000  (   0.00%)
clock_network     20.2872            0.0000            0.0000           20.2872  (  20.63%)  i
register           0.2012        5.5626e-02        5.2882e+07           53.1391  (  54.03%)
sequential         0.0000            0.0000            0.0000            0.0000  (   0.00%)
combinational      0.4446            0.2843        2.4199e+07           24.9282  (  25.35%)
--------------------------------------------------------------------------------------------------
Total             20.9330 uW         0.3399 uW     7.7082e+07 pW        98.3546 uW
1
