 
****************************************
Report : power
        -analysis_effort low
Design : vending_top
Version: X-2025.06-SP2
Date   : Thu Jul  9 10:58:28 2026
****************************************


Library(s) Used:

    saed32rvt_tt1p05v25c (File: /home/joao.silva/projeto_grupo/synth/libs/saed32rvt_tt1p05v25c.db)


Operating Conditions: tt1p05v25c   Library: saed32rvt_tt1p05v25c
Wire Load Model Mode: enclosed

Design        Wire Load Model            Library
------------------------------------------------
vending_top            8000              saed32rvt_tt1p05v25c
credit_reg             ForQA             saed32rvt_tt1p05v25c
memory                 8000              saed32rvt_tt1p05v25c
comparator             ForQA             saed32rvt_tt1p05v25c
control_unit           ForQA             saed32rvt_tt1p05v25c


Global Operating Voltage = 1.05 
Power-specific unit information :
    Voltage Units = 1V
    Capacitance Units = 1.000000ff
    Time Units = 1ns
    Dynamic Power Units = 1uW    (derived from V,C,T units)
    Leakage Power Units = 1pW


Attributes
----------
i - Including register clock pin internal power


  Cell Internal Power  =  20.5410 uW   (98%)
  Net Switching Power  = 444.7330 nW    (2%)
                         ---------
Total Dynamic Power    =  20.9858 uW  (100%)

Cell Leakage Power     =  87.9845 uW


                 Internal         Switching           Leakage            Total
Power Group      Power            Power               Power              Power   (   %    )  Attrs
--------------------------------------------------------------------------------------------------
io_pad             0.0000            0.0000            0.0000            0.0000  (   0.00%)
memory             0.0000            0.0000            0.0000            0.0000  (   0.00%)
black_box          0.0000            0.0000            0.0000            0.0000  (   0.00%)
clock_network     19.5536            0.0000            0.0000           19.5536  (  17.94%)  i
register           0.2610            0.1027        6.2262e+07           62.6259  (  57.47%)
sequential         0.0000            0.0000            0.0000            0.0000  (   0.00%)
combinational      0.7264            0.3420        2.5722e+07           26.7908  (  24.59%)
--------------------------------------------------------------------------------------------------
Total             20.5410 uW         0.4447 uW     8.7985e+07 pW       108.9703 uW
1
